<?xml version="1.0" encoding="UTF-8"?>
<!-- Generated by org.testng.reporters.JUnitReportReporter -->
<testsuite hostname="LenovaLaptop" failures="0" tests="3" name="TestRunner.DemoNG" time="49.421" errors="0" timestamp="2025-03-12T11:54:47 IST" skipped="0">
  <testcase classname="TestRunner.DemoNG" name="runScenario" time="11.051"/>
  <testcase classname="TestRunner.DemoNG" name="runScenario" time="19.035"/>
  <testcase classname="TestRunner.DemoNG" name="runScenario" time="19.335"/>
</testsuite> <!-- TestRunner.DemoNG -->
